<?xml version="1.0" encoding="UTF-8" ?>
<testsuite tests="13" failures="0" name="PacienteTest" time="0.046" errors="0" skipped="0">
  <properties>
[...]
</properties>
  <testcase classname="PacienteTest" name="Un_paciente_no_mayor_con_cansancio_tosSeca_no_requiere_aislamiento" time="0.018"/>
  <testcase classname="PacienteTest" name="Un_paciente_sin_edad_ni_sintomas_no_requiere_aislamiento" time="0"/>
  <testcase classname="PacienteTest" name="Un_paciente_sin_apellido_ni_nombre_se_muestra_un_guion" time="0"/>
  <testcase classname="PacienteTest" name="Un_paciente_sin_apellido_pero_con_nombre_se_muestra_con_el_nombre" time="0"/>
  <testcase classname="PacienteTest" name="Un_paciente_no_mayor_con_cansancio_tosSeca_fiebre_no_requiere_aislamiento" time="0.002"/>
  <testcase classname="PacienteTest" name="Un_paciente_mayor_con_dos_sintomas_covid_requiere_aislamiento" time="0"/>
  <testcase classname="PacienteTest" name="Un_paciente_mayor_con_fiebre_cansancio_diarrea_requiere_aislamiento" time="0"/>
  <testcase classname="PacienteTest" name="Un_paciente_mayor_con_un_sintoma_covid_no_requiere_aislamientoTest" time="0"/>
  <testcase classname="PacienteTest" name="Un_paciente_con_nombre_y_apellido_se_muestra_con_el_apellido_coma_nombre" time="0.024"/>
  <testcase classname="PacienteTest" name="Un_paciente_mayor_sin_sintomas_no_requiere_aislamiento" time="0"/>
  <testcase classname="PacienteTest" name="Un_paciente_sin_nombre_pero_con_apellido_se_muestra_con_el_apellido" time="0.001"/>
  <testcase classname="PacienteTest" name="Un_paciente_sin_edad_con_cansancio_tosSeca_fiebre_no_requiere_aislamiento" time="0"/>
  <testcase classname="PacienteTest" name="Un_paciente_mayor_con_cansancio_diarrea_no_requiere_aislamiento" time="0.001"/>
</testsuite>